<?xml version="1.0" encoding="UTF-8"?>
<!-- Generated by org.testng.reporters.JUnitReportReporter -->
<testsuite hostname="DESKTOP-P97G74M" failures="0" tests="2" name="com.si.AutomateWebApplication.FacbookLogin" time="2.759" errors="0" timestamp="2022-04-04T21:07:05 IST" skipped="0">
  <testcase classname="com.si.AutomateWebApplication.FacbookLogin" name="login" time="0.334"/>
  <system-out/>
  <testcase classname="com.si.AutomateWebApplication.FacbookLogin" name="launchFacebook" time="2.425"/>
  <system-out/>
</testsuite> <!-- com.si.AutomateWebApplication.FacbookLogin -->
