<?xml version="1.0" encoding="UTF-8"?>
<!-- Generated by org.testng.reporters.JUnitReportReporter -->
<testsuite hostname="DESKTOP-P97G74M" failures="0" tests="2" name="com.si.AutomateWebApplication.HandlingInvalidLogin" time="2.084" errors="0" timestamp="2022-04-04T21:07:05 IST" skipped="0">
  <testcase classname="com.si.AutomateWebApplication.HandlingInvalidLogin" name="login" time="0.324"/>
  <system-out/>
  <testcase classname="com.si.AutomateWebApplication.HandlingInvalidLogin" name="launchFacebook" time="1.760"/>
  <system-out/>
</testsuite> <!-- com.si.AutomateWebApplication.HandlingInvalidLogin -->
