<?xml version="1.0" encoding="UTF-8"?>
<!-- Generated by org.testng.reporters.JUnitReportReporter -->
<testsuite hostname="DESKTOP-P97G74M" failures="0" tests="2" name="com.si.AutomateWebApplication.NewTest" time="4.510" errors="0" timestamp="2022-03-21T12:20:41 IST" skipped="0">
  <testcase classname="com.si.AutomateWebApplication.NewTest" name="launchFacebook" time="4.326"/>
  <system-out/>
  <testcase classname="com.si.AutomateWebApplication.NewTest" name="login" time="0.184"/>
  <system-out/>
</testsuite> <!-- com.si.AutomateWebApplication.NewTest -->
